<?xml version="1.0" encoding="UTF-8"?>
<!-- Generated by org.testng.reporters.JUnitXMLReporter -->
<testsuite ignored="0" hostname="LAPTOP-NMLEQ16E" failures="0" tests="3" name="Flight Booking - Edge" time="25.744" errors="0" timestamp="2026-03-13T12:57:02 IST">
  <testcase classname="tests.TestClass" name="bookFlight" time="3.572"/>
  <testcase classname="tests.TestClass" name="bookFlight" time="10.028"/>
  <testcase classname="tests.TestClass" name="bookFlight" time="2.861"/>
</testsuite> <!-- Flight Booking - Edge -->
