<?xml version="1.0" encoding="UTF-8"?>
<!-- Generated by org.testng.reporters.JUnitXMLReporter -->
<testsuite ignored="0" hostname="LAPTOP-NMLEQ16E" failures="0" tests="3" name="Flight Booking - Chrome" time="30.178" errors="0" timestamp="2026-03-13T12:55:55 IST">
  <testcase classname="tests.TestClass" name="bookFlight" time="3.281"/>
  <testcase classname="tests.TestClass" name="bookFlight" time="8.685"/>
  <testcase classname="tests.TestClass" name="bookFlight" time="2.891"/>
</testsuite> <!-- Flight Booking - Chrome -->
