<?xml version="1.0" encoding="UTF-8"?>
<!-- Generated by org.testng.reporters.JUnitXMLReporter -->
<testsuite ignored="0" hostname="LAPTOP-NMLEQ16E" failures="0" tests="3" name="Flight Booking - Firefox" time="41.254" errors="0" timestamp="2026-03-13T12:56:36 IST">
  <testcase classname="tests.TestClass" name="bookFlight" time="2.454"/>
  <testcase classname="tests.TestClass" name="bookFlight" time="2.768"/>
  <testcase classname="tests.TestClass" name="bookFlight" time="2.942"/>
</testsuite> <!-- Flight Booking - Firefox -->
