<?xml version="1.0" encoding="UTF-8"?>
<!-- Generated by org.testng.reporters.JUnitXMLReporter -->
<testsuite ignored="0" hostname="LAPTOP-NMLEQ16E" failures="0" tests="3" name="Flight Booking - Chrome" time="18.769" errors="0" timestamp="2026-03-15T11:59:26 IST">
  <testcase classname="tests.TestClass" name="bookFlight" time="3.944"/>
  <testcase classname="tests.TestClass" name="bookFlight" time="3.376"/>
  <testcase classname="tests.TestClass" name="bookFlight" time="3.272"/>
</testsuite> <!-- Flight Booking - Chrome -->
