<?xml version="1.0" encoding="UTF-8"?>
<!-- Generated by org.testng.reporters.JUnitXMLReporter -->
<testsuite ignored="0" hostname="LAPTOP-NMLEQ16E" failures="0" tests="3" name="Flight Booking - Edge" time="25.308" errors="0" timestamp="2026-03-15T12:00:37 IST">
  <testcase classname="tests.TestClass" name="bookFlight" time="4.565"/>
  <testcase classname="tests.TestClass" name="bookFlight" time="4.199"/>
  <testcase classname="tests.TestClass" name="bookFlight" time="3.478"/>
</testsuite> <!-- Flight Booking - Edge -->
