<?xml version="1.0" encoding="UTF-8"?>
<testng-results ignored="0" total="9" passed="9" failed="0" skipped="0">
  <reporter-output>
  </reporter-output>
  <suite started-at="2026-03-15T11:59:07 IST" name="BlazeDemo Flight Booking Suite" finished-at="2026-03-15T12:00:37 IST" duration-ms="90474">
    <groups>
    </groups>
    <test started-at="2026-03-15T11:59:07 IST" name="Flight Booking - Chrome" finished-at="2026-03-15T11:59:26 IST" duration-ms="18769">
      <class name="tests.TestClass">
        <test-method is-config="true" signature="setUp(java.lang.String)[pri:0, instance:tests.TestClass@24313fcc]" started-at="2026-03-15T11:59:07 IST" name="setUp" finished-at="2026-03-15T11:59:10 IST" duration-ms="3015" status="PASS">
          <params>
            <param index="0">
              <value>
                <![CDATA[chrome]]>
              </value>
            </param>
          </params>
          <reporter-output>
          </reporter-output>
        </test-method> <!-- setUp -->
        <test-method signature="bookFlight(java.lang.String,java.lang.String)[pri:0, instance:tests.TestClass@24313fcc]" started-at="2026-03-15T11:59:10 IST" name="bookFlight" data-provider="flightData" finished-at="2026-03-15T11:59:14 IST" duration-ms="3944" status="PASS">
          <params>
            <param index="0">
              <value>
                <![CDATA[Boston]]>
              </value>
            </param>
            <param index="1">
              <value>
                <![CDATA[London]]>
              </value>
            </param>
          </params>
          <reporter-output>
          </reporter-output>
        </test-method> <!-- bookFlight -->
        <test-method is-config="true" signature="tearDown(org.testng.ITestResult)[pri:0, instance:tests.TestClass@24313fcc]" started-at="2026-03-15T11:59:14 IST" name="tearDown" finished-at="2026-03-15T11:59:14 IST" duration-ms="199" status="PASS">
          <params>
            <param index="0">
              <value>
                <![CDATA[[TestResult name=bookFlight status=SUCCESS method=TestClass.bookFlight(java.lang.String,java.lang.String)[pri:0, instance:tests.TestClass@24313fcc] output={null}]]]>
              </value>
            </param>
          </params>
          <reporter-output>
          </reporter-output>
        </test-method> <!-- tearDown -->
        <test-method is-config="true" signature="setUp(java.lang.String)[pri:0, instance:tests.TestClass@24313fcc]" started-at="2026-03-15T11:59:14 IST" name="setUp" finished-at="2026-03-15T11:59:16 IST" duration-ms="1937" status="PASS">
          <params>
            <param index="0">
              <value>
                <![CDATA[chrome]]>
              </value>
            </param>
          </params>
          <reporter-output>
          </reporter-output>
        </test-method> <!-- setUp -->
        <test-method signature="bookFlight(java.lang.String,java.lang.String)[pri:0, instance:tests.TestClass@24313fcc]" started-at="2026-03-15T11:59:16 IST" name="bookFlight" data-provider="flightData" finished-at="2026-03-15T11:59:19 IST" duration-ms="3376" status="PASS">
          <params>
            <param index="0">
              <value>
                <![CDATA[Paris]]>
              </value>
            </param>
            <param index="1">
              <value>
                <![CDATA[Dublin]]>
              </value>
            </param>
          </params>
          <reporter-output>
          </reporter-output>
        </test-method> <!-- bookFlight -->
        <test-method is-config="true" signature="tearDown(org.testng.ITestResult)[pri:0, instance:tests.TestClass@24313fcc]" started-at="2026-03-15T11:59:19 IST" name="tearDown" finished-at="2026-03-15T11:59:19 IST" duration-ms="142" status="PASS">
          <params>
            <param index="0">
              <value>
                <![CDATA[[TestResult name=bookFlight status=SUCCESS method=TestClass.bookFlight(java.lang.String,java.lang.String)[pri:0, instance:tests.TestClass@24313fcc] output={null}]]]>
              </value>
            </param>
          </params>
          <reporter-output>
          </reporter-output>
        </test-method> <!-- tearDown -->
        <test-method is-config="true" signature="setUp(java.lang.String)[pri:0, instance:tests.TestClass@24313fcc]" started-at="2026-03-15T11:59:19 IST" name="setUp" finished-at="2026-03-15T11:59:22 IST" duration-ms="2699" status="PASS">
          <params>
            <param index="0">
              <value>
                <![CDATA[chrome]]>
              </value>
            </param>
          </params>
          <reporter-output>
          </reporter-output>
        </test-method> <!-- setUp -->
        <test-method signature="bookFlight(java.lang.String,java.lang.String)[pri:0, instance:tests.TestClass@24313fcc]" started-at="2026-03-15T11:59:22 IST" name="bookFlight" data-provider="flightData" finished-at="2026-03-15T11:59:25 IST" duration-ms="3272" status="PASS">
          <params>
            <param index="0">
              <value>
                <![CDATA[Portland]]>
              </value>
            </param>
            <param index="1">
              <value>
                <![CDATA[New York]]>
              </value>
            </param>
          </params>
          <reporter-output>
          </reporter-output>
        </test-method> <!-- bookFlight -->
        <test-method is-config="true" signature="tearDown(org.testng.ITestResult)[pri:0, instance:tests.TestClass@24313fcc]" started-at="2026-03-15T11:59:25 IST" name="tearDown" finished-at="2026-03-15T11:59:26 IST" duration-ms="148" status="PASS">
          <params>
            <param index="0">
              <value>
                <![CDATA[[TestResult name=bookFlight status=SUCCESS method=TestClass.bookFlight(java.lang.String,java.lang.String)[pri:0, instance:tests.TestClass@24313fcc] output={null}]]]>
              </value>
            </param>
          </params>
          <reporter-output>
          </reporter-output>
        </test-method> <!-- tearDown -->
      </class> <!-- tests.TestClass -->
    </test> <!-- Flight Booking - Chrome -->
    <test started-at="2026-03-15T11:59:26 IST" name="Flight Booking - Firefox" finished-at="2026-03-15T12:00:12 IST" duration-ms="46370">
      <class name="tests.TestClass">
        <test-method is-config="true" signature="setUp(java.lang.String)[pri:0, instance:tests.TestClass@757277dc]" started-at="2026-03-15T11:59:26 IST" name="setUp" finished-at="2026-03-15T11:59:40 IST" duration-ms="14537" status="PASS">
          <params>
            <param index="0">
              <value>
                <![CDATA[firefox]]>
              </value>
            </param>
          </params>
          <reporter-output>
          </reporter-output>
        </test-method> <!-- setUp -->
        <test-method signature="bookFlight(java.lang.String,java.lang.String)[pri:0, instance:tests.TestClass@757277dc]" started-at="2026-03-15T11:59:40 IST" name="bookFlight" data-provider="flightData" finished-at="2026-03-15T11:59:43 IST" duration-ms="2794" status="PASS">
          <params>
            <param index="0">
              <value>
                <![CDATA[Boston]]>
              </value>
            </param>
            <param index="1">
              <value>
                <![CDATA[London]]>
              </value>
            </param>
          </params>
          <reporter-output>
          </reporter-output>
        </test-method> <!-- bookFlight -->
        <test-method is-config="true" signature="tearDown(org.testng.ITestResult)[pri:0, instance:tests.TestClass@757277dc]" started-at="2026-03-15T11:59:43 IST" name="tearDown" finished-at="2026-03-15T11:59:44 IST" duration-ms="857" status="PASS">
          <params>
            <param index="0">
              <value>
                <![CDATA[[TestResult name=bookFlight status=SUCCESS method=TestClass.bookFlight(java.lang.String,java.lang.String)[pri:0, instance:tests.TestClass@757277dc] output={null}]]]>
              </value>
            </param>
          </params>
          <reporter-output>
          </reporter-output>
        </test-method> <!-- tearDown -->
        <test-method is-config="true" signature="setUp(java.lang.String)[pri:0, instance:tests.TestClass@757277dc]" started-at="2026-03-15T11:59:44 IST" name="setUp" finished-at="2026-03-15T11:59:53 IST" duration-ms="9270" status="PASS">
          <params>
            <param index="0">
              <value>
                <![CDATA[firefox]]>
              </value>
            </param>
          </params>
          <reporter-output>
          </reporter-output>
        </test-method> <!-- setUp -->
        <test-method signature="bookFlight(java.lang.String,java.lang.String)[pri:0, instance:tests.TestClass@757277dc]" started-at="2026-03-15T11:59:53 IST" name="bookFlight" data-provider="flightData" finished-at="2026-03-15T11:59:56 IST" duration-ms="2690" status="PASS">
          <params>
            <param index="0">
              <value>
                <![CDATA[Paris]]>
              </value>
            </param>
            <param index="1">
              <value>
                <![CDATA[Dublin]]>
              </value>
            </param>
          </params>
          <reporter-output>
          </reporter-output>
        </test-method> <!-- bookFlight -->
        <test-method is-config="true" signature="tearDown(org.testng.ITestResult)[pri:0, instance:tests.TestClass@757277dc]" started-at="2026-03-15T11:59:56 IST" name="tearDown" finished-at="2026-03-15T11:59:57 IST" duration-ms="925" status="PASS">
          <params>
            <param index="0">
              <value>
                <![CDATA[[TestResult name=bookFlight status=SUCCESS method=TestClass.bookFlight(java.lang.String,java.lang.String)[pri:0, instance:tests.TestClass@757277dc] output={null}]]]>
              </value>
            </param>
          </params>
          <reporter-output>
          </reporter-output>
        </test-method> <!-- tearDown -->
        <test-method is-config="true" signature="setUp(java.lang.String)[pri:0, instance:tests.TestClass@757277dc]" started-at="2026-03-15T11:59:57 IST" name="setUp" finished-at="2026-03-15T12:00:07 IST" duration-ms="9885" status="PASS">
          <params>
            <param index="0">
              <value>
                <![CDATA[firefox]]>
              </value>
            </param>
          </params>
          <reporter-output>
          </reporter-output>
        </test-method> <!-- setUp -->
        <test-method signature="bookFlight(java.lang.String,java.lang.String)[pri:0, instance:tests.TestClass@757277dc]" started-at="2026-03-15T12:00:07 IST" name="bookFlight" data-provider="flightData" finished-at="2026-03-15T12:00:11 IST" duration-ms="4538" status="PASS">
          <params>
            <param index="0">
              <value>
                <![CDATA[Portland]]>
              </value>
            </param>
            <param index="1">
              <value>
                <![CDATA[New York]]>
              </value>
            </param>
          </params>
          <reporter-output>
          </reporter-output>
        </test-method> <!-- bookFlight -->
        <test-method is-config="true" signature="tearDown(org.testng.ITestResult)[pri:0, instance:tests.TestClass@757277dc]" started-at="2026-03-15T12:00:11 IST" name="tearDown" finished-at="2026-03-15T12:00:12 IST" duration-ms="866" status="PASS">
          <params>
            <param index="0">
              <value>
                <![CDATA[[TestResult name=bookFlight status=SUCCESS method=TestClass.bookFlight(java.lang.String,java.lang.String)[pri:0, instance:tests.TestClass@757277dc] output={null}]]]>
              </value>
            </param>
          </params>
          <reporter-output>
          </reporter-output>
        </test-method> <!-- tearDown -->
      </class> <!-- tests.TestClass -->
    </test> <!-- Flight Booking - Firefox -->
    <test started-at="2026-03-15T12:00:12 IST" name="Flight Booking - Edge" finished-at="2026-03-15T12:00:37 IST" duration-ms="25308">
      <class name="tests.TestClass">
        <test-method is-config="true" signature="startReport()[pri:0, instance:tests.TestClass@e4487af]" started-at="2026-03-15T11:59:07 IST" name="startReport" finished-at="2026-03-15T11:59:07 IST" duration-ms="236" status="PASS">
          <reporter-output>
          </reporter-output>
        </test-method> <!-- startReport -->
        <test-method is-config="true" signature="setUp(java.lang.String)[pri:0, instance:tests.TestClass@e4487af]" started-at="2026-03-15T12:00:12 IST" name="setUp" finished-at="2026-03-15T12:00:18 IST" duration-ms="6440" status="PASS">
          <params>
            <param index="0">
              <value>
                <![CDATA[edge]]>
              </value>
            </param>
          </params>
          <reporter-output>
          </reporter-output>
        </test-method> <!-- setUp -->
        <test-method signature="bookFlight(java.lang.String,java.lang.String)[pri:0, instance:tests.TestClass@e4487af]" started-at="2026-03-15T12:00:18 IST" name="bookFlight" data-provider="flightData" finished-at="2026-03-15T12:00:23 IST" duration-ms="4565" status="PASS">
          <params>
            <param index="0">
              <value>
                <![CDATA[Boston]]>
              </value>
            </param>
            <param index="1">
              <value>
                <![CDATA[London]]>
              </value>
            </param>
          </params>
          <reporter-output>
          </reporter-output>
        </test-method> <!-- bookFlight -->
        <test-method is-config="true" signature="tearDown(org.testng.ITestResult)[pri:0, instance:tests.TestClass@e4487af]" started-at="2026-03-15T12:00:23 IST" name="tearDown" finished-at="2026-03-15T12:00:23 IST" duration-ms="165" status="PASS">
          <params>
            <param index="0">
              <value>
                <![CDATA[[TestResult name=bookFlight status=SUCCESS method=TestClass.bookFlight(java.lang.String,java.lang.String)[pri:0, instance:tests.TestClass@e4487af] output={null}]]]>
              </value>
            </param>
          </params>
          <reporter-output>
          </reporter-output>
        </test-method> <!-- tearDown -->
        <test-method is-config="true" signature="setUp(java.lang.String)[pri:0, instance:tests.TestClass@e4487af]" started-at="2026-03-15T12:00:23 IST" name="setUp" finished-at="2026-03-15T12:00:26 IST" duration-ms="2785" status="PASS">
          <params>
            <param index="0">
              <value>
                <![CDATA[edge]]>
              </value>
            </param>
          </params>
          <reporter-output>
          </reporter-output>
        </test-method> <!-- setUp -->
        <test-method signature="bookFlight(java.lang.String,java.lang.String)[pri:0, instance:tests.TestClass@e4487af]" started-at="2026-03-15T12:00:26 IST" name="bookFlight" data-provider="flightData" finished-at="2026-03-15T12:00:30 IST" duration-ms="4199" status="PASS">
          <params>
            <param index="0">
              <value>
                <![CDATA[Paris]]>
              </value>
            </param>
            <param index="1">
              <value>
                <![CDATA[Dublin]]>
              </value>
            </param>
          </params>
          <reporter-output>
          </reporter-output>
        </test-method> <!-- bookFlight -->
        <test-method is-config="true" signature="tearDown(org.testng.ITestResult)[pri:0, instance:tests.TestClass@e4487af]" started-at="2026-03-15T12:00:30 IST" name="tearDown" finished-at="2026-03-15T12:00:30 IST" duration-ms="178" status="PASS">
          <params>
            <param index="0">
              <value>
                <![CDATA[[TestResult name=bookFlight status=SUCCESS method=TestClass.bookFlight(java.lang.String,java.lang.String)[pri:0, instance:tests.TestClass@e4487af] output={null}]]]>
              </value>
            </param>
          </params>
          <reporter-output>
          </reporter-output>
        </test-method> <!-- tearDown -->
        <test-method is-config="true" signature="setUp(java.lang.String)[pri:0, instance:tests.TestClass@e4487af]" started-at="2026-03-15T12:00:30 IST" name="setUp" finished-at="2026-03-15T12:00:34 IST" duration-ms="3323" status="PASS">
          <params>
            <param index="0">
              <value>
                <![CDATA[edge]]>
              </value>
            </param>
          </params>
          <reporter-output>
          </reporter-output>
        </test-method> <!-- setUp -->
        <test-method signature="bookFlight(java.lang.String,java.lang.String)[pri:0, instance:tests.TestClass@e4487af]" started-at="2026-03-15T12:00:34 IST" name="bookFlight" data-provider="flightData" finished-at="2026-03-15T12:00:37 IST" duration-ms="3478" status="PASS">
          <params>
            <param index="0">
              <value>
                <![CDATA[Portland]]>
              </value>
            </param>
            <param index="1">
              <value>
                <![CDATA[New York]]>
              </value>
            </param>
          </params>
          <reporter-output>
          </reporter-output>
        </test-method> <!-- bookFlight -->
        <test-method is-config="true" signature="tearDown(org.testng.ITestResult)[pri:0, instance:tests.TestClass@e4487af]" started-at="2026-03-15T12:00:37 IST" name="tearDown" finished-at="2026-03-15T12:00:37 IST" duration-ms="166" status="PASS">
          <params>
            <param index="0">
              <value>
                <![CDATA[[TestResult name=bookFlight status=SUCCESS method=TestClass.bookFlight(java.lang.String,java.lang.String)[pri:0, instance:tests.TestClass@e4487af] output={null}]]]>
              </value>
            </param>
          </params>
          <reporter-output>
          </reporter-output>
        </test-method> <!-- tearDown -->
        <test-method is-config="true" signature="endReport()[pri:0, instance:tests.TestClass@e4487af]" started-at="2026-03-15T12:00:37 IST" name="endReport" finished-at="2026-03-15T12:00:37 IST" duration-ms="261" status="PASS">
          <reporter-output>
          </reporter-output>
        </test-method> <!-- endReport -->
      </class> <!-- tests.TestClass -->
    </test> <!-- Flight Booking - Edge -->
  </suite> <!-- BlazeDemo Flight Booking Suite -->
</testng-results>
