<?xml version="1.0" encoding="UTF-8"?>
<!-- Generated by org.testng.reporters.JUnitReportReporter -->
<testsuite hostname="LAPTOP-NMLEQ16E" failures="0" tests="9" name="tests.TestClass" time="90.393" errors="0" timestamp="2026-03-15T12:00:38 IST" skipped="0">
  <testcase classname="tests.TestClass" name="bookFlight" time="12.921"/>
  <testcase classname="tests.TestClass" name="bookFlight" time="15.289"/>
  <testcase classname="tests.TestClass" name="bookFlight" time="7.101"/>
  <testcase classname="tests.TestClass" name="bookFlight" time="18.152"/>
  <testcase classname="tests.TestClass" name="bookFlight" time="7.150"/>
  <testcase classname="tests.TestClass" name="bookFlight" time="10.083"/>
  <testcase classname="tests.TestClass" name="bookFlight" time="6.274"/>
  <testcase classname="tests.TestClass" name="bookFlight" time="8.066"/>
  <testcase classname="tests.TestClass" name="bookFlight" time="5.357"/>
</testsuite> <!-- tests.TestClass -->
