<?xml version="1.0" encoding="UTF-8"?>
<!-- Generated by org.testng.reporters.JUnitReportReporter -->
<testsuite hostname="LAPTOP-NMLEQ16E" failures="0" tests="9" name="tests.TestClass" time="97.125" errors="0" timestamp="2026-03-13T12:57:02 IST" skipped="0">
  <testcase classname="tests.TestClass" name="bookFlight" time="5.836"/>
  <testcase classname="tests.TestClass" name="bookFlight" time="14.987"/>
  <testcase classname="tests.TestClass" name="bookFlight" time="7.367"/>
  <testcase classname="tests.TestClass" name="bookFlight" time="12.918"/>
  <testcase classname="tests.TestClass" name="bookFlight" time="10.374"/>
  <testcase classname="tests.TestClass" name="bookFlight" time="12.400"/>
  <testcase classname="tests.TestClass" name="bookFlight" time="13.160"/>
  <testcase classname="tests.TestClass" name="bookFlight" time="15.170"/>
  <testcase classname="tests.TestClass" name="bookFlight" time="4.913"/>
</testsuite> <!-- tests.TestClass -->
